~~~
<div id="d5bee1ad-202e-4cf3-a24a-244951d7158c" data-jscall-id="108" style="visibility: hidden;">
  <div data-jscall-id="103">slider 1: 
    <input step="1" max="100" min="1" data-jscall-id="104" value="1" oninput="JSServe.update_obs('9119098097431910889', parseFloat(value))" type="range" />
    <p data-jscall-id="102">1</p>
  </div>
  <script data-jscall-id="105" type="text/javascript">
    window.__define = window.define;
    window.__require = window.require;
    window.define = undefined;
    window.require = undefined;

</script>
  <script data-jscall-id="106" type="text/javascript">
    window.define = window.__define;
    window.require = window.__require;
    window.__define = undefined;
    window.__require = undefined;

</script>
  <script data-jscall-id="107" type="text/javascript">
(()=> {
    JSServe.register_sub_session('d5bee1ad-202e-4cf3-a24a-244951d7158c')
    const init_data_b64 = 'H4sIAAAAAAAAA8VUwY7TMBQU136Fb9lK267tJpsYaTnAcqASLKjcELLc+LUYEjuKnW4jxKWckeDKDZC23JeP4Bf4G9x0aQFVW9GuRHJx9Oa9l5lJZjYvRJ0ZIT++/XW69VnJS0YIwyzBLA57hBGcJOxrbsfc1QV8ilbY2SXnL8VE2LRUhWuqnF/0B/eMhBXmwpqqTOHH9xJcVWo0qnTqlNHIaF4VUjg40HDOJyKroI1et5C/jo6UdlAWJhNO6TEyI3R69hBpP9cioSUy7gWUqF9lSqCm06JzU75CubEuq5GwCKYFpA7k7WZgarR1qOCQQQ7aoRPEOfhG7gsOpo7zZ/h5g1xhukprKJ/6okev3rD1pjW/6vmwkf781OSPfuP/hWC6VVLyp/yUhj2GI5pQFuKE0oTgTfLLBTZmJE5wLzlOCA1j5jeEm7CLud8I9XcUH2PcwzGLmV9D9vb18ZWvjTwnd1B/MIByAt2lt3zhGRfOlWpYeas3yH6IAuugCA6XI9r/rG+4VTOyG7WzG6CWi+mezK51+H8yU3o/Zlu+xx2pPbkBak3vnrZd/8PPduL2bp1loigylYpFknJpcp9R0qRVE1xjcPeXGXa3fiAPAhkNAYiQHYopdMJ01OsIGooODUMWERmTKEmDdpN+f03tWldn0J0oq4YqU672a4LmKYNgFYTv17zo+sh+ArmU7iVdBgAA'
    JSServe.init_from_b64(init_data_b64)
    if (!true){
        JSServe.update_obs('10588101087341723056', true)
    }
})()
</script>
</div>
~~~
